[INFO ] 2019-07-13 18:04:03.973 [main] DriverTest - démarage de mastermind
[ERROR] 2019-07-13 18:04:22.437 [main] CombinaisonJoueur - 
Error Message Logged !!! Entrez une valeur de 0 à 9
[ERROR] 2019-07-13 18:04:31.708 [main] CombinaisonJoueur - 
Error Message Logged !!! Entrez une valeur de 0 à 9
[ERROR] 2019-07-13 18:04:57.384 [main] CombinaisonJoueur - 
Error Message Logged !!! Entrez une valeur de 0 à 9
[ERROR] 2019-07-13 18:05:18.168 [main] CombinaisonJoueur - 
Error Message Logged !!! Entrez une valeur de 0 à 9
[INFO ] 2019-07-13 18:33:33.929 [main] DriverTest - démarage de mastermind
[ERROR] 2019-07-13 18:33:47.881 [main] CombinaisonJoueur - 
Error Message Logged !!! Entrez une valeur de 0 à 9
[ERROR] 2019-07-13 18:33:54.519 [main] CombinaisonJoueur - 
Error Message Logged !!! Entrez une valeur de 0 à 9
[ERROR] 2019-07-13 18:34:50.037 [main] CombinaisonJoueur - 
Error Message Logged !!! Entrez une valeur de 0 à 9
[ERROR] 2019-07-13 18:35:11.013 [main] CombinaisonJoueur - 
Error Message Logged !!! Entrez une valeur de 0 à 9
[ERROR] 2019-07-13 18:35:17.741 [main] CombinaisonJoueur - 
Error Message Logged !!! Entrez une valeur de 0 à 9
[ERROR] 2019-07-13 18:35:35.286 [main] CombinaisonJoueur - 
Error Message Logged !!! Entrez une valeur de 0 à 9
[INFO ] 2019-07-13 18:36:10.421 [main] Main - démarage de mastermind
[ERROR] 2019-07-13 18:36:10.433 [main] StartGame - 
Error Message Logged !!! Entrez une valeur de 1 à 3
[ERROR] 2019-07-13 18:36:30.688 [main] CombinaisonJoueur - 
Error Message Logged !!! Entrez une valeur de 0 à 9
[ERROR] 2019-07-13 18:36:36.030 [main] CombinaisonJoueur - 
Error Message Logged !!! Entrez une valeur de 0 à 9
[ERROR] 2019-07-13 18:36:39.437 [main] CombinaisonJoueur - 
Error Message Logged !!! Entrez une valeur de 0 à 9
[INFO ] 2019-07-13 18:39:34.409 [main] Main - démarage de mastermind
[ERROR] 2019-07-13 18:39:34.420 [main] StartGame - 
Error Message Logged !!! Entrez une valeur de 1 à 3
[ERROR] 2019-07-13 18:39:47.268 [main] CombinaisonJoueur - 
Error Message Logged !!! Entrez une valeur de 0 à 9
[ERROR] 2019-07-13 18:39:52.429 [main] CombinaisonJoueur - 
Error Message Logged !!! Entrez une valeur de 0 à 9
[ERROR] 2019-07-13 18:40:13.777 [main] CombinaisonJoueur - 
Error Message Logged !!! Entrez une valeur de 0 à 9
[ERROR] 2019-07-13 18:40:21.873 [main] CombinaisonJoueur - 
Error Message Logged !!! Entrez une valeur de 0 à 9
[ERROR] 2019-07-13 18:41:11.153 [main] CombinaisonJoueur - 
Error Message Logged !!! Entrez une valeur de 0 à 9
[ERROR] 2019-07-13 18:41:21.120 [main] CombinaisonJoueur - 
Error Message Logged !!! Entrez une valeur de 0 à 9
[ERROR] 2019-07-13 18:41:24.162 [main] CombinaisonJoueur - 
Error Message Logged !!! Entrez une valeur de 0 à 9
[ERROR] 2019-07-13 18:41:31.912 [main] CombinaisonJoueur - 
Error Message Logged !!! Entrez une valeur de 0 à 9
[ERROR] 2019-07-13 18:41:43.856 [main] CombinaisonJoueur - 
Error Message Logged !!! Entrez une valeur de 0 à 9
[ERROR] 2019-07-13 18:41:47.017 [main] CombinaisonJoueur - 
Error Message Logged !!! Entrez une valeur de 0 à 9
[ERROR] 2019-07-13 18:41:53.081 [main] CombinaisonJoueur - 
Error Message Logged !!! Entrez une valeur de 0 à 9
[ERROR] 2019-07-13 18:41:57.616 [main] CombinaisonJoueur - 
Error Message Logged !!! Entrez une valeur de 0 à 9
[ERROR] 2019-07-13 18:42:18.521 [main] StartGame - 
Error Message Logged !!! Entrez une valeur de 1 à 3
[INFO ] 2019-07-13 18:44:53.941 [main] Main - démarage de mastermind
[ERROR] 2019-07-13 18:44:53.950 [main] StartGame - 
Error Message Logged !!! Entrez une valeur de 1 à 3
[ERROR] 2019-07-13 18:45:02.625 [main] CombinaisonJoueur - 
Error Message Logged !!! Entrez une valeur de 0 à 9
[ERROR] 2019-07-13 18:45:07.177 [main] CombinaisonJoueur - 
Error Message Logged !!! Entrez une valeur de 0 à 9
[ERROR] 2019-07-13 18:45:23.765 [main] CombinaisonJoueur - 
Error Message Logged !!! Entrez une valeur de 0 à 9
[ERROR] 2019-07-13 18:45:28.454 [main] CombinaisonJoueur - 
Error Message Logged !!! Entrez une valeur de 0 à 9
[INFO ] 2019-07-13 18:46:17.491 [main] Main - démarage de mastermind
[ERROR] 2019-07-13 18:46:17.500 [main] StartGame - 
Error Message Logged !!! Entrez une valeur de 1 à 3
[ERROR] 2019-07-13 18:46:27.983 [main] CombinaisonJoueur - 
Error Message Logged !!! Entrez une valeur de 0 à 9
[ERROR] 2019-07-13 18:46:33.223 [main] CombinaisonJoueur - 
Error Message Logged !!! Entrez une valeur de 0 à 9
[ERROR] 2019-07-13 18:47:01.405 [main] CombinaisonJoueur - 
Error Message Logged !!! Entrez une valeur de 0 à 9
[ERROR] 2019-07-13 18:47:07.413 [main] CombinaisonJoueur - 
Error Message Logged !!! Entrez une valeur de 0 à 9
[INFO ] 2019-07-13 18:49:27.495 [main] Main - démarage de mastermind
[ERROR] 2019-07-13 18:49:27.504 [main] StartGame - 
Error Message Logged !!! Entrez une valeur de 1 à 3
[ERROR] 2019-07-13 18:49:34.510 [main] CombinaisonJoueur - 
Error Message Logged !!! Entrez une valeur de 0 à 9
[ERROR] 2019-07-13 18:49:38.711 [main] CombinaisonJoueur - 
Error Message Logged !!! Entrez une valeur de 0 à 9
[ERROR] 2019-07-13 18:49:43.402 [main] CombinaisonJoueur - 
Error Message Logged !!! Entrez une valeur de 0 à 9
[ERROR] 2019-07-13 18:49:46.308 [main] CombinaisonJoueur - 
Error Message Logged !!! Entrez une valeur de 0 à 9
[ERROR] 2019-07-13 18:50:17.397 [main] CombinaisonJoueur - 
Error Message Logged !!! Entrez une valeur de 0 à 9
[ERROR] 2019-07-13 18:50:31.474 [main] CombinaisonJoueur - 
Error Message Logged !!! Entrez une valeur de 0 à 9
[ERROR] 2019-07-13 18:50:37.403 [main] CombinaisonJoueur - 
Error Message Logged !!! Entrez une valeur de 0 à 9
[ERROR] 2019-07-13 18:50:42.252 [main] CombinaisonJoueur - 
Error Message Logged !!! Entrez une valeur de 0 à 9
[ERROR] 2019-07-13 18:50:46.610 [main] CombinaisonJoueur - 
Error Message Logged !!! Entrez une valeur de 0 à 9
[INFO ] 2019-07-13 18:56:55.242 [main] Main - démarage de mastermind
[ERROR] 2019-07-13 18:56:55.254 [main] StartGame - 
Error Message Logged !!! Entrez une valeur de 1 à 3
[ERROR] 2019-07-13 18:57:07.833 [main] CombinaisonJoueur - 
Error Message Logged !!! Entrez une valeur de 0 à 9
[INFO ] 2019-07-13 18:57:22.644 [main] Main - démarage de mastermind
[ERROR] 2019-07-13 18:57:22.655 [main] StartGame - 
Error Message Logged !!! Entrez une valeur de 1 à 3
[ERROR] 2019-07-13 18:57:30.537 [main] CombinaisonJoueur - 
Error Message Logged !!! Entrez une valeur de 0 à 9
[INFO ] 2019-07-13 18:58:37.545 [main] Main - démarage de mastermind
[ERROR] 2019-07-13 18:58:37.557 [main] StartGame - 
Error Message Logged !!! Entrez une valeur de 1 à 3
[ERROR] 2019-07-13 18:58:45.433 [main] CombinaisonJoueur - 
Error Message Logged !!! Entrez une valeur de 0 à 9
[INFO ] 2019-07-13 18:59:48.067 [main] Main - démarage de mastermind
[ERROR] 2019-07-13 19:01:00.439 [main] StartGame - 
Error Message Logged !!! Entrez une valeur de 1 à 3
[ERROR] 2019-07-13 19:04:33.347 [main] CombinaisonJoueur - 
Error Message Logged !!! Entrez une valeur de 0 à 9
[INFO ] 2019-07-13 19:04:36.204 [main] Main - démarage de mastermind
[ERROR] 2019-07-13 19:05:44.776 [main] StartGame - 
Error Message Logged !!! Entrez une valeur de 1 à 3
[INFO ] 2019-07-13 19:05:48.740 [main] Main - démarage de mastermind
[ERROR] 2019-07-13 19:06:17.980 [main] StartGame - 
Error Message Logged !!! Entrez une valeur de 1 à 3
[ERROR] 2019-07-13 19:12:16.994 [main] CombinaisonJoueur - 
Error Message Logged !!! Entrez une valeur de 0 à 9
[INFO ] 2019-07-13 19:12:20.633 [main] Main - démarage de mastermind
[ERROR] 2019-07-13 19:12:42.974 [main] StartGame - 
Error Message Logged !!! Entrez une valeur de 1 à 3
[ERROR] 2019-07-13 19:14:26.060 [main] CombinaisonJoueur - 
Error Message Logged !!! Entrez une valeur de 0 à 9
[ERROR] 2019-07-13 19:15:10.412 [main] CombinaisonJoueur - 
Error Message Logged !!! Entrez une valeur de 0 à 9
[INFO ] 2019-07-13 19:16:15.309 [main] Main - démarage de mastermind
[ERROR] 2019-07-13 19:16:15.319 [main] StartGame - 
Error Message Logged !!! Entrez une valeur de 1 à 3
[ERROR] 2019-07-13 19:16:25.941 [main] CombinaisonJoueur - 
Error Message Logged !!! Entrez une valeur de 0 à 9
[ERROR] 2019-07-13 19:16:33.465 [main] CombinaisonJoueur - 
Error Message Logged !!! Entrez une valeur de 0 à 9
[ERROR] 2019-07-13 19:16:44.282 [main] StartGame - 
Error Message Logged !!! Entrez une valeur de 1 à 3
[ERROR] 2019-07-13 19:16:47.842 [main] CombinaisonJoueur - 
Error Message Logged !!! Entrez une valeur de 0 à 9
[ERROR] 2019-07-13 19:17:12.506 [main] StartGame - 
Error Message Logged !!! Entrez une valeur de 1 à 3
[ERROR] 2019-07-13 19:17:37.688 [main] CombinaisonJoueur - 
Error Message Logged !!! Entrez une valeur de 0 à 9
[ERROR] 2019-07-13 19:17:44.834 [main] CombinaisonJoueur - 
Error Message Logged !!! Entrez une valeur de 0 à 9
[INFO ] 2019-07-13 19:18:24.087 [main] Main - démarage de mastermind
[ERROR] 2019-07-13 19:18:24.098 [main] StartGame - 
Error Message Logged !!! Entrez une valeur de 1 à 3
[INFO ] 2019-07-13 19:20:15.630 [main] Main - démarage de mastermind
[ERROR] 2019-07-13 19:20:15.639 [main] StartGame - 
Error Message Logged !!! Entrez une valeur de 1 à 3
[INFO ] 2019-07-13 19:21:11.821 [main] Main - démarage de mastermind
[ERROR] 2019-07-13 19:21:11.830 [main] StartGame - 
Error Message Logged !!! Entrez une valeur de 1 à 3
[ERROR] 2019-07-13 19:21:27.251 [main] CombinaisonJoueur - 
Error Message Logged !!! Entrez une valeur de 0 à 9
[INFO ] 2019-07-13 19:22:00.726 [main] Main - démarage de mastermind
[ERROR] 2019-07-13 19:22:00.736 [main] StartGame - 
Error Message Logged !!! Entrez une valeur de 1 à 3
[ERROR] 2019-07-13 19:22:04.115 [main] CombinaisonJoueur - 
Error Message Logged !!! Entrez une valeur de 0 à 9
[ERROR] 2019-07-13 19:22:13.565 [main] CombinaisonJoueur - 
Error Message Logged !!! Entrez une valeur de 0 à 9
[INFO ] 2019-07-13 19:22:37.595 [main] Main - démarage de mastermind
[ERROR] 2019-07-13 19:22:37.606 [main] StartGame - 
Error Message Logged !!! Entrez une valeur de 1 à 3
[ERROR] 2019-07-13 19:22:54.986 [main] CombinaisonJoueur - 
Error Message Logged !!! Entrez une valeur de 0 à 9
[INFO ] 2019-07-13 19:25:00.428 [main] Main - démarage de mastermind
[ERROR] 2019-07-13 19:25:00.439 [main] StartGame - 
Error Message Logged !!! Entrez une valeur de 1 à 3
[ERROR] 2019-07-13 19:25:21.057 [main] CombinaisonJoueur - 
Error Message Logged !!! Entrez une valeur de 0 à 9
[INFO ] 2019-07-13 19:25:52.790 [main] Main - démarage de mastermind
[ERROR] 2019-07-13 19:27:01.303 [main] StartGame - 
Error Message Logged !!! Entrez une valeur de 1 à 3
[ERROR] 2019-07-13 19:33:37.213 [main] CombinaisonJoueur - 
Error Message Logged !!! Entrez une valeur de 0 à 9
[INFO ] 2019-07-13 19:36:28.755 [main] Main - démarage de mastermind
[ERROR] 2019-07-13 19:36:28.764 [main] StartGame - 
Error Message Logged !!! Entrez une valeur de 1 à 3
[ERROR] 2019-07-13 19:36:34.128 [main] CombinaisonJoueur - 
Error Message Logged !!! Entrez une valeur de 0 à 9
[ERROR] 2019-07-13 19:36:46.092 [main] CombinaisonJoueur - 
Error Message Logged !!! Entrez une valeur de 0 à 9
[INFO ] 2019-07-13 19:37:41.064 [main] Main - démarage de mastermind
[ERROR] 2019-07-13 19:37:41.074 [main] StartGame - 
Error Message Logged !!! Entrez une valeur de 1 à 3
[ERROR] 2019-07-13 19:37:46.426 [main] CombinaisonJoueur - 
Error Message Logged !!! Entrez une valeur de 0 à 9
[ERROR] 2019-07-13 19:37:57.866 [main] CombinaisonJoueur - 
Error Message Logged !!! Entrez une valeur de 0 à 9
[INFO ] 2019-07-13 19:40:31.424 [main] Main - démarage de mastermind
[ERROR] 2019-07-13 19:40:31.436 [main] StartGame - 
Error Message Logged !!! Entrez une valeur de 1 à 3
[ERROR] 2019-07-13 19:40:39.710 [main] CombinaisonJoueur - 
Error Message Logged !!! Entrez une valeur de 0 à 9
[ERROR] 2019-07-13 19:41:48.249 [main] CombinaisonJoueur - 
Error Message Logged !!! Entrez une valeur de 0 à 9
[INFO ] 2019-07-13 19:43:34.987 [main] Main - démarage de mastermind
[ERROR] 2019-07-13 19:43:34.998 [main] StartGame - 
Error Message Logged !!! Entrez une valeur de 1 à 3
[ERROR] 2019-07-13 19:43:39.555 [main] CombinaisonJoueur - 
Error Message Logged !!! Entrez une valeur de 0 à 9
[ERROR] 2019-07-13 19:43:44.174 [main] CombinaisonJoueur - 
Error Message Logged !!! Entrez une valeur de 0 à 9
[INFO ] 2019-07-13 19:46:00.405 [main] Main - démarage de mastermind
[ERROR] 2019-07-13 19:46:00.418 [main] StartGame - 
Error Message Logged !!! Entrez une valeur de 1 à 3
[ERROR] 2019-07-13 19:46:07.266 [main] CombinaisonJoueur - 
Error Message Logged !!! Entrez une valeur de 0 à 9
[ERROR] 2019-07-13 19:46:11.669 [main] CombinaisonJoueur - 
Error Message Logged !!! Entrez une valeur de 0 à 9
[INFO ] 2019-07-13 19:48:36.933 [main] Main - démarage de mastermind
[ERROR] 2019-07-13 19:48:36.943 [main] StartGame - 
Error Message Logged !!! Entrez une valeur de 1 à 3
[ERROR] 2019-07-13 19:48:51.983 [main] CombinaisonJoueur - 
Error Message Logged !!! Entrez une valeur de 0 à 9
[INFO ] 2019-07-13 19:51:00.220 [main] Main - démarage de mastermind
[ERROR] 2019-07-13 19:51:00.230 [main] StartGame - 
Error Message Logged !!! Entrez une valeur de 1 à 3
[ERROR] 2019-07-13 19:51:05.952 [main] CombinaisonJoueur - 
Error Message Logged !!! Entrez une valeur de 0 à 9
[ERROR] 2019-07-13 19:51:19.033 [main] CombinaisonJoueur - 
Error Message Logged !!! Entrez une valeur de 0 à 9
[INFO ] 2019-07-13 19:51:35.006 [main] Main - démarage de mastermind
[ERROR] 2019-07-13 19:51:35.017 [main] StartGame - 
Error Message Logged !!! Entrez une valeur de 1 à 3
[ERROR] 2019-07-13 19:51:38.981 [main] CombinaisonJoueur - 
Error Message Logged !!! Entrez une valeur de 0 à 9
[INFO ] 2019-07-13 19:51:57.167 [main] Main - démarage de mastermind
[ERROR] 2019-07-13 19:51:57.178 [main] StartGame - 
Error Message Logged !!! Entrez une valeur de 1 à 3
[ERROR] 2019-07-13 19:52:07.799 [main] CombinaisonJoueur - 
Error Message Logged !!! Entrez une valeur de 0 à 9
[ERROR] 2019-07-13 19:52:13.185 [main] CombinaisonJoueur - 
Error Message Logged !!! Entrez une valeur de 0 à 9
[ERROR] 2019-07-13 19:52:22.786 [main] CombinaisonJoueur - 
Error Message Logged !!! Entrez une valeur de 0 à 9
[ERROR] 2019-07-13 19:52:29.595 [main] CombinaisonJoueur - 
Error Message Logged !!! Entrez une valeur de 0 à 9
[INFO ] 2019-07-13 19:55:14.035 [main] Main - démarage de mastermind
[ERROR] 2019-07-13 19:55:14.047 [main] StartGame - 
Error Message Logged !!! Entrez une valeur de 1 à 3
[ERROR] 2019-07-13 19:55:51.153 [main] CombinaisonJoueur - 
Error Message Logged !!! Entrez une valeur de 0 à 9
[ERROR] 2019-07-13 19:56:01.425 [main] CombinaisonJoueur - 
Error Message Logged !!! Entrez une valeur de 0 à 9
[ERROR] 2019-07-13 19:56:13.483 [main] StartGame - 
Error Message Logged !!! Entrez une valeur de 1 à 3
[ERROR] 2019-07-13 19:56:15.677 [main] CombinaisonJoueur - 
Error Message Logged !!! Entrez une valeur de 0 à 9
[ERROR] 2019-07-13 19:56:28.860 [main] StartGame - 
Error Message Logged !!! Entrez une valeur de 1 à 3
[ERROR] 2019-07-13 19:56:34.856 [main] CombinaisonJoueur - 
Error Message Logged !!! Entrez une valeur de 0 à 9
[ERROR] 2019-07-13 19:56:38.940 [main] CombinaisonJoueur - 
Error Message Logged !!! Entrez une valeur de 0 à 9
[ERROR] 2019-07-13 19:56:55.585 [main] CombinaisonJoueur - 
Error Message Logged !!! Entrez une valeur de 0 à 9
[ERROR] 2019-07-13 19:56:59.592 [main] CombinaisonJoueur - 
Error Message Logged !!! Entrez une valeur de 0 à 9
[ERROR] 2019-07-13 19:57:38.724 [main] CombinaisonJoueur - 
Error Message Logged !!! Entrez une valeur de 0 à 9
[ERROR] 2019-07-13 19:57:54.655 [main] CombinaisonJoueur - 
Error Message Logged !!! Entrez une valeur de 0 à 9
[ERROR] 2019-07-13 19:57:56.823 [main] CombinaisonJoueur - 
Error Message Logged !!! Entrez une valeur de 0 à 9
[ERROR] 2019-07-13 19:57:58.194 [main] CombinaisonJoueur - 
Error Message Logged !!! Entrez une valeur de 0 à 9
[ERROR] 2019-07-13 19:57:59.518 [main] CombinaisonJoueur - 
Error Message Logged !!! Entrez une valeur de 0 à 9
[INFO ] 2019-07-13 19:58:12.782 [main] Main - démarage de mastermind
[ERROR] 2019-07-13 19:58:12.792 [main] StartGame - 
Error Message Logged !!! Entrez une valeur de 1 à 3
[INFO ] 2019-07-13 20:00:43.096 [main] Main - démarage de mastermind
[ERROR] 2019-07-13 20:00:43.114 [main] StartGame - 
Error Message Logged !!! Entrez une valeur de 1 à 3
[ERROR] 2019-07-13 20:00:55.035 [main] CombinaisonJoueur - 
Error Message Logged !!! Entrez une valeur de 0 à 9
[ERROR] 2019-07-13 20:01:00.892 [main] CombinaisonJoueur - 
Error Message Logged !!! Entrez une valeur de 0 à 9
[INFO ] 2019-07-13 20:01:44.357 [main] Main - démarage de mastermind
[ERROR] 2019-07-13 20:01:44.367 [main] StartGame - 
Error Message Logged !!! Entrez une valeur de 1 à 3
[ERROR] 2019-07-13 20:02:01.024 [main] CombinaisonJoueur - 
Error Message Logged !!! Entrez une valeur de 0 à 9
[INFO ] 2019-07-13 20:02:59.598 [main] Main - démarage de mastermind
[ERROR] 2019-07-13 20:02:59.607 [main] StartGame - 
Error Message Logged !!! Entrez une valeur de 1 à 3
[ERROR] 2019-07-13 20:03:08.623 [main] CombinaisonJoueur - 
Error Message Logged !!! Entrez une valeur de 0 à 9
[ERROR] 2019-07-13 20:03:12.794 [main] CombinaisonJoueur - 
Error Message Logged !!! Entrez une valeur de 0 à 9
[INFO ] 2019-07-13 21:29:17.677 [main] Main - démarage de mastermind
[ERROR] 2019-07-13 21:29:17.689 [main] StartGame - 
Error Message Logged !!! Entrez une valeur de 1 à 3
[ERROR] 2019-07-13 21:29:40.432 [main] CombinaisonJoueur - 
Error Message Logged !!! Entrez une valeur de 0 à 9
[ERROR] 2019-07-13 21:29:47.354 [main] CombinaisonJoueur - 
Error Message Logged !!! Entrez une valeur de 0 à 9
[INFO ] 2019-07-13 21:30:43.698 [main] Main - démarage de mastermind
[ERROR] 2019-07-13 21:30:43.712 [main] StartGame - 
Error Message Logged !!! Entrez une valeur de 1 à 3
[ERROR] 2019-07-13 21:30:48.502 [main] CombinaisonJoueur - 
Error Message Logged !!! Entrez une valeur de 0 à 9
[ERROR] 2019-07-13 21:30:53.015 [main] CombinaisonJoueur - 
Error Message Logged !!! Entrez une valeur de 0 à 9
[INFO ] 2019-07-13 21:31:09.646 [main] Main - démarage de mastermind
[ERROR] 2019-07-13 21:31:09.655 [main] StartGame - 
Error Message Logged !!! Entrez une valeur de 1 à 3
[ERROR] 2019-07-13 21:31:14.812 [main] CombinaisonJoueur - 
Error Message Logged !!! Entrez une valeur de 0 à 9
[INFO ] 2019-07-13 21:32:02.231 [main] Main - démarage de mastermind
[ERROR] 2019-07-13 21:32:02.245 [main] StartGame - 
Error Message Logged !!! Entrez une valeur de 1 à 3
[ERROR] 2019-07-13 21:32:06.411 [main] CombinaisonJoueur - 
Error Message Logged !!! Entrez une valeur de 0 à 9
[INFO ] 2019-07-13 21:32:42.436 [main] Main - démarage de mastermind
[ERROR] 2019-07-13 21:32:42.467 [main] StartGame - 
Error Message Logged !!! Entrez une valeur de 1 à 3
[ERROR] 2019-07-13 21:32:46.010 [main] CombinaisonJoueur - 
Error Message Logged !!! Entrez une valeur de 0 à 9
[INFO ] 2019-07-13 21:34:06.740 [main] Main - démarage de mastermind
[ERROR] 2019-07-13 21:34:06.751 [main] StartGame - 
Error Message Logged !!! Entrez une valeur de 1 à 3
[ERROR] 2019-07-13 21:34:13.906 [main] CombinaisonJoueur - 
Error Message Logged !!! Entrez une valeur de 0 à 9
[INFO ] 2019-07-13 21:34:39.495 [main] Main - démarage de mastermind
[ERROR] 2019-07-13 21:34:39.505 [main] StartGame - 
Error Message Logged !!! Entrez une valeur de 1 à 3
[ERROR] 2019-07-13 21:34:43.825 [main] CombinaisonJoueur - 
Error Message Logged !!! Entrez une valeur de 0 à 9
[INFO ] 2019-07-13 21:35:23.150 [main] Main - démarage de mastermind
[ERROR] 2019-07-13 21:35:23.159 [main] StartGame - 
Error Message Logged !!! Entrez une valeur de 1 à 3
[ERROR] 2019-07-13 21:35:32.779 [main] CombinaisonJoueur - 
Error Message Logged !!! Entrez une valeur de 0 à 9
[ERROR] 2019-07-13 21:35:45.373 [main] CombinaisonJoueur - 
Error Message Logged !!! Entrez une valeur de 0 à 9
[INFO ] 2019-07-13 21:39:47.755 [main] Main - démarage de mastermind
[ERROR] 2019-07-13 21:39:47.765 [main] StartGame - 
Error Message Logged !!! Entrez une valeur de 1 à 3
[ERROR] 2019-07-13 21:39:52.815 [main] CombinaisonJoueur - 
Error Message Logged !!! Entrez une valeur de 0 à 9
[ERROR] 2019-07-13 21:40:00.346 [main] CombinaisonJoueur - 
Error Message Logged !!! Entrez une valeur de 0 à 9
[INFO ] 2019-07-13 21:43:34.831 [main] Main - démarage de mastermind
[ERROR] 2019-07-13 21:43:34.841 [main] StartGame - 
Error Message Logged !!! Entrez une valeur de 1 à 3
[ERROR] 2019-07-13 21:43:39.524 [main] CombinaisonJoueur - 
Error Message Logged !!! Entrez une valeur de 0 à 9
[ERROR] 2019-07-13 21:43:45.144 [main] CombinaisonJoueur - 
Error Message Logged !!! Entrez une valeur de 0 à 9
[INFO ] 2019-07-13 21:44:58.551 [main] Main - démarage de mastermind
[ERROR] 2019-07-13 21:44:58.560 [main] StartGame - 
Error Message Logged !!! Entrez une valeur de 1 à 3
[ERROR] 2019-07-13 21:45:01.420 [main] CombinaisonJoueur - 
Error Message Logged !!! Entrez une valeur de 0 à 9
[ERROR] 2019-07-13 21:45:04.574 [main] CombinaisonJoueur - 
Error Message Logged !!! Entrez une valeur de 0 à 9
[INFO ] 2019-07-13 21:46:56.208 [main] Main - démarage de mastermind
[ERROR] 2019-07-13 21:46:56.220 [main] StartGame - 
Error Message Logged !!! Entrez une valeur de 1 à 3
[ERROR] 2019-07-13 21:47:00.202 [main] CombinaisonJoueur - 
Error Message Logged !!! Entrez une valeur de 0 à 9
[ERROR] 2019-07-13 21:47:03.984 [main] CombinaisonJoueur - 
Error Message Logged !!! Entrez une valeur de 0 à 9
[INFO ] 2019-07-13 21:49:35.961 [main] Main - démarage de mastermind
[ERROR] 2019-07-13 21:49:35.971 [main] StartGame - 
Error Message Logged !!! Entrez une valeur de 1 à 3
[ERROR] 2019-07-13 21:49:44.729 [main] CombinaisonJoueur - 
Error Message Logged !!! Entrez une valeur de 0 à 9
[ERROR] 2019-07-13 21:49:49.843 [main] CombinaisonJoueur - 
Error Message Logged !!! Entrez une valeur de 0 à 9
[INFO ] 2019-07-13 21:50:39.763 [main] Main - démarage de mastermind
[ERROR] 2019-07-13 21:50:39.773 [main] StartGame - 
Error Message Logged !!! Entrez une valeur de 1 à 3
[ERROR] 2019-07-13 21:50:43.679 [main] CombinaisonJoueur - 
Error Message Logged !!! Entrez une valeur de 0 à 9
[ERROR] 2019-07-13 21:50:47.491 [main] CombinaisonJoueur - 
Error Message Logged !!! Entrez une valeur de 0 à 9
[INFO ] 2019-07-13 21:56:56.171 [main] Main - démarage de mastermind
[ERROR] 2019-07-13 21:56:56.181 [main] StartGame - 
Error Message Logged !!! Entrez une valeur de 1 à 3
[ERROR] 2019-07-13 21:57:01.716 [main] CombinaisonJoueur - 
Error Message Logged !!! Entrez une valeur de 0 à 9
[ERROR] 2019-07-13 21:57:10.190 [main] CombinaisonJoueur - 
Error Message Logged !!! Entrez une valeur de 0 à 9
[INFO ] 2019-07-13 22:00:35.902 [main] Main - démarage de mastermind
[ERROR] 2019-07-13 22:00:35.912 [main] StartGame - 
Error Message Logged !!! Entrez une valeur de 1 à 3
[ERROR] 2019-07-13 22:00:41.327 [main] CombinaisonJoueur - 
Error Message Logged !!! Entrez une valeur de 0 à 9
[INFO ] 2019-07-13 22:01:57.170 [main] Main - démarage de mastermind
[ERROR] 2019-07-13 22:01:57.182 [main] StartGame - 
Error Message Logged !!! Entrez une valeur de 1 à 3
[ERROR] 2019-07-13 22:02:01.022 [main] CombinaisonJoueur - 
Error Message Logged !!! Entrez une valeur de 0 à 9
[INFO ] 2019-07-13 22:04:19.249 [main] Main - démarage de mastermind
[ERROR] 2019-07-13 22:04:19.261 [main] StartGame - 
Error Message Logged !!! Entrez une valeur de 1 à 3
[ERROR] 2019-07-13 22:04:22.292 [main] CombinaisonJoueur - 
Error Message Logged !!! Entrez une valeur de 0 à 9
[INFO ] 2019-07-13 22:05:20.452 [main] Main - démarage de mastermind
[ERROR] 2019-07-13 22:05:20.464 [main] StartGame - 
Error Message Logged !!! Entrez une valeur de 1 à 3
[ERROR] 2019-07-13 22:05:23.549 [main] CombinaisonJoueur - 
Error Message Logged !!! Entrez une valeur de 0 à 9
[INFO ] 2019-07-13 22:05:48.462 [main] Main - démarage de mastermind
[ERROR] 2019-07-13 22:05:48.472 [main] StartGame - 
Error Message Logged !!! Entrez une valeur de 1 à 3
[ERROR] 2019-07-13 22:05:51.869 [main] CombinaisonJoueur - 
Error Message Logged !!! Entrez une valeur de 0 à 9
[ERROR] 2019-07-13 22:06:04.161 [main] CombinaisonJoueur - 
Error Message Logged !!! Entrez une valeur de 0 à 9
[INFO ] 2019-07-13 22:07:31.734 [main] Main - démarage de mastermind
[ERROR] 2019-07-13 22:07:31.744 [main] StartGame - 
Error Message Logged !!! Entrez une valeur de 1 à 3
[ERROR] 2019-07-13 22:07:37.445 [main] CombinaisonJoueur - 
Error Message Logged !!! Entrez une valeur de 0 à 9
[ERROR] 2019-07-13 22:07:47.039 [main] CombinaisonJoueur - 
Error Message Logged !!! Entrez une valeur de 0 à 9
[INFO ] 2019-07-13 22:07:53.319 [main] Main - démarage de mastermind
[ERROR] 2019-07-13 22:07:53.328 [main] StartGame - 
Error Message Logged !!! Entrez une valeur de 1 à 3
[ERROR] 2019-07-13 22:07:58.891 [main] CombinaisonJoueur - 
Error Message Logged !!! Entrez une valeur de 0 à 9
[ERROR] 2019-07-13 22:08:05.935 [main] CombinaisonJoueur - 
Error Message Logged !!! Entrez une valeur de 0 à 9
[INFO ] 2019-07-13 22:11:17.079 [main] Main - démarage de mastermind
[ERROR] 2019-07-13 22:11:17.089 [main] StartGame - 
Error Message Logged !!! Entrez une valeur de 1 à 3
[ERROR] 2019-07-13 22:11:20.353 [main] CombinaisonJoueur - 
Error Message Logged !!! Entrez une valeur de 0 à 9
[ERROR] 2019-07-13 22:11:27.341 [main] CombinaisonJoueur - 
Error Message Logged !!! Entrez une valeur de 0 à 9
[INFO ] 2019-07-13 22:11:56.834 [main] Main - démarage de mastermind
[ERROR] 2019-07-13 22:11:56.844 [main] StartGame - 
Error Message Logged !!! Entrez une valeur de 1 à 3
[ERROR] 2019-07-13 22:11:59.849 [main] CombinaisonJoueur - 
Error Message Logged !!! Entrez une valeur de 0 à 9
[INFO ] 2019-07-13 22:13:04.068 [main] Main - démarage de mastermind
[ERROR] 2019-07-13 22:13:04.079 [main] StartGame - 
Error Message Logged !!! Entrez une valeur de 1 à 3
[ERROR] 2019-07-13 22:13:08.944 [main] CombinaisonJoueur - 
Error Message Logged !!! Entrez une valeur de 0 à 9
[ERROR] 2019-07-13 22:13:21.731 [main] CombinaisonJoueur - 
Error Message Logged !!! Entrez une valeur de 0 à 9
