[INFO ] 2019-07-18 09:23:33.244 [main] Main - démarage de mastermind
[ERROR] 2019-07-18 09:23:33.289 [main] StartGame - 
Error Message Logged !!! Entrez une valeur de 1 à 3
[ERROR] 2019-07-18 09:23:39.149 [main] CombinaisonJoueur - 
Error Message Logged !!! Entrez une valeur de 0 à 9
[ERROR] 2019-07-18 09:23:52.956 [main] StartGame - 
Error Message Logged !!! Entrez une valeur de 1 à 3
[ERROR] 2019-07-18 09:23:56.163 [main] CombinaisonJoueur - 
Error Message Logged !!! Entrez une valeur de 0 à 9
[INFO ] 2019-07-18 09:24:16.741 [main] Main - démarage de mastermind
[ERROR] 2019-07-18 09:24:16.754 [main] StartGame - 
Error Message Logged !!! Entrez une valeur de 1 à 3
[ERROR] 2019-07-18 09:24:20.956 [main] CombinaisonJoueur - 
Error Message Logged !!! Entrez une valeur de 0 à 9
[INFO ] 2019-07-18 09:34:51.185 [main] Main - démarage de mastermind
[ERROR] 2019-07-18 09:34:51.198 [main] StartGame - 
Error Message Logged !!! Entrez une valeur de 1 à 3
[ERROR] 2019-07-18 09:34:56.382 [main] CombinaisonJoueur - 
Error Message Logged !!! Entrez un entier de 0 à 9
[ERROR] 2019-07-18 09:35:05.803 [main] StartGame - 
Error Message Logged !!! Entrez une valeur de 1 à 3
[ERROR] 2019-07-18 09:35:07.787 [main] CombinaisonJoueur - 
Error Message Logged !!! Entrez un entier de 0 à 9
[INFO ] 2019-07-18 09:37:26.831 [main] Main - démarage de mastermind
[ERROR] 2019-07-18 09:37:26.840 [main] StartGame - 
Error Message Logged !!! Entrez une valeur de 1 à 3
[ERROR] 2019-07-18 09:37:29.891 [main] CombinaisonJoueur - 
Error Message Logged !!! Entrez un entier de 0 à 9
[INFO ] 2019-07-18 09:38:33.307 [main] Main - démarage de mastermind
[ERROR] 2019-07-18 09:38:33.317 [main] StartGame - 
Error Message Logged !!! Entrez une valeur de 1 à 3
[ERROR] 2019-07-18 09:38:37.236 [main] CombinaisonJoueur - 
Error Message Logged !!! Entrez un entier de 0 à 9
[INFO ] 2019-07-18 09:46:47.892 [main] Main - démarage de mastermind
[ERROR] 2019-07-18 09:46:47.903 [main] StartGame - 
Error Message Logged !!! Entrez une valeur de 1 à 3
[ERROR] 2019-07-18 09:46:51.662 [main] CombinaisonJoueur - 
Error Message Logged !!! Entrez un entier de 0 à 9
[INFO ] 2019-07-18 09:49:45.339 [main] Main - démarage de mastermind
[ERROR] 2019-07-18 09:49:45.348 [main] StartGame - 
Error Message Logged !!! Entrez une valeur de 1 à 3
[ERROR] 2019-07-18 09:49:48.428 [main] CombinaisonJoueur - 
Error Message Logged !!! Entrez un entier de 0 à 9
[INFO ] 2019-07-18 09:50:32.320 [main] Main - démarage de mastermind
[ERROR] 2019-07-18 09:50:32.330 [main] StartGame - 
Error Message Logged !!! Entrez une valeur de 1 à 3
[ERROR] 2019-07-18 09:50:35.107 [main] CombinaisonJoueur - 
Error Message Logged !!! Entrez un entier de 0 à 9
[INFO ] 2019-07-18 09:51:48.375 [main] Main - démarage de mastermind
[ERROR] 2019-07-18 09:51:48.383 [main] StartGame - 
Error Message Logged !!! Entrez une valeur de 1 à 3
[ERROR] 2019-07-18 09:51:51.138 [main] CombinaisonJoueur - 
Error Message Logged !!! Entrez un entier de 0 à 9
[INFO ] 2019-07-18 09:52:28.188 [main] Main - démarage de mastermind
[ERROR] 2019-07-18 09:52:28.197 [main] StartGame - 
Error Message Logged !!! Entrez une valeur de 1 à 3
[ERROR] 2019-07-18 09:52:31.082 [main] CombinaisonJoueur - 
Error Message Logged !!! Entrez un entier de 0 à 9
[INFO ] 2019-07-18 09:53:27.381 [main] Main - démarage de mastermind
[ERROR] 2019-07-18 09:53:27.390 [main] StartGame - 
Error Message Logged !!! Entrez une valeur de 1 à 3
[ERROR] 2019-07-18 09:53:31.545 [main] CombinaisonJoueur - 
Error Message Logged !!! Entrez un entier de 0 à 9
[INFO ] 2019-07-18 09:54:58.367 [main] Main - démarage de mastermind
[ERROR] 2019-07-18 09:54:58.377 [main] StartGame - 
Error Message Logged !!! Entrez une valeur de 1 à 3
[ERROR] 2019-07-18 09:55:01.159 [main] CombinaisonJoueur - 
Error Message Logged !!! Entrez un entier de 0 à 9
[INFO ] 2019-07-18 09:56:11.030 [main] Main - démarage de mastermind
[ERROR] 2019-07-18 09:56:11.040 [main] StartGame - 
Error Message Logged !!! Entrez une valeur de 1 à 3
[ERROR] 2019-07-18 09:56:16.816 [main] CombinaisonJoueur - 
Error Message Logged !!! Entrez une valeur de 0 à 9
[INFO ] 2019-07-18 09:56:31.518 [main] Main - démarage de mastermind
[ERROR] 2019-07-18 09:56:31.530 [main] StartGame - 
Error Message Logged !!! Entrez une valeur de 1 à 3
[ERROR] 2019-07-18 09:56:37.990 [main] CombinaisonJoueur - 
Error Message Logged !!! Entrez une valeur de 0 à 9
[INFO ] 2019-07-18 09:57:19.836 [main] Main - démarage de mastermind
[ERROR] 2019-07-18 09:57:19.846 [main] StartGame - 
Error Message Logged !!! Entrez une valeur de 1 à 3
[ERROR] 2019-07-18 09:57:22.742 [main] CombinaisonJoueur - 
Error Message Logged !!! Entrez une valeur de 0 à 9
[INFO ] 2019-07-18 09:57:32.576 [main] Main - démarage de mastermind
[ERROR] 2019-07-18 09:57:32.588 [main] StartGame - 
Error Message Logged !!! Entrez une valeur de 1 à 3
[INFO ] 2019-07-18 09:58:21.084 [main] Main - démarage de mastermind
[ERROR] 2019-07-18 09:58:21.096 [main] StartGame - 
Error Message Logged !!! Entrez une valeur de 1 à 3
[ERROR] 2019-07-18 09:58:24.374 [main] CombinaisonJoueur - 
Error Message Logged !!! Entrez une valeur de 0 à 9
[INFO ] 2019-07-18 09:59:55.760 [main] Main - démarage de mastermind
[ERROR] 2019-07-18 09:59:55.769 [main] StartGame - 
Error Message Logged !!! Entrez une valeur de 1 à 3
[INFO ] 2019-07-18 10:00:12.110 [main] Main - démarage de mastermind
[ERROR] 2019-07-18 10:00:12.120 [main] StartGame - 
Error Message Logged !!! Entrez une valeur de 1 à 3
[ERROR] 2019-07-18 10:00:16.285 [main] CombinaisonJoueur - 
Error Message Logged !!! Entrez une valeur de 0 à 9
[INFO ] 2019-07-18 10:02:04.491 [main] Main - démarage de mastermind
[ERROR] 2019-07-18 10:02:04.502 [main] StartGame - 
Error Message Logged !!! Entrez une valeur de 1 à 3
[ERROR] 2019-07-18 10:02:07.211 [main] CombinaisonJoueur - 
Error Message Logged !!! Entrez une valeur de 0 à 9
[ERROR] 2019-07-18 10:02:11.577 [main] CombinaisonJoueur - 
Error Message Logged !!! Entrez une valeur de 0 à 9
[ERROR] 2019-07-18 10:02:19.968 [main] CombinaisonJoueur - 
Error Message Logged !!! Entrez une valeur de 0 à 9
[INFO ] 2019-07-18 10:03:14.077 [main] Main - démarage de mastermind
[ERROR] 2019-07-18 10:03:14.088 [main] StartGame - 
Error Message Logged !!! Entrez une valeur de 1 à 3
[ERROR] 2019-07-18 10:03:16.906 [main] CombinaisonJoueur - 
Error Message Logged !!! Entrez une valeur de 0 à 9
[ERROR] 2019-07-18 10:03:21.424 [main] CombinaisonJoueur - 
Error Message Logged !!! Entrez une valeur de 0 à 9
[INFO ] 2019-07-18 10:03:39.085 [main] Main - démarage de mastermind
[ERROR] 2019-07-18 10:03:39.095 [main] StartGame - 
Error Message Logged !!! Entrez une valeur de 1 à 3
[ERROR] 2019-07-18 10:03:43.475 [main] CombinaisonJoueur - 
Error Message Logged !!! Entrez une valeur de 0 à 9
[INFO ] 2019-07-18 10:05:01.662 [main] Main - démarage de mastermind
[ERROR] 2019-07-18 10:05:01.672 [main] StartGame - 
Error Message Logged !!! Entrez une valeur de 1 à 3
[ERROR] 2019-07-18 10:05:05.954 [main] CombinaisonJoueur - 
Error Message Logged !!! Entrez une valeur de 0 à 9
[ERROR] 2019-07-18 10:05:16.342 [main] CombinaisonJoueur - 
Error Message Logged !!! Entrez une valeur de 0 à 9
[INFO ] 2019-07-18 10:19:10.692 [main] Main - démarage de mastermind
[ERROR] 2019-07-18 10:19:10.704 [main] StartGame - 
Error Message Logged !!! Entrez une valeur de 1 à 3
[ERROR] 2019-07-18 10:19:14.800 [main] CombinaisonJoueur - 
Error Message Logged !!! Entrez une valeur de 0 à 9
[INFO ] 2019-07-18 10:19:52.230 [main] Main - démarage de mastermind
[ERROR] 2019-07-18 10:19:52.241 [main] StartGame - 
Error Message Logged !!! Entrez une valeur de 1 à 3
[ERROR] 2019-07-18 10:19:55.640 [main] CombinaisonJoueur - 
Error Message Logged !!! Entrez une valeur de 0 à 9
[INFO ] 2019-07-18 10:20:42.733 [main] Main - démarage de mastermind
[ERROR] 2019-07-18 10:20:42.743 [main] StartGame - 
Error Message Logged !!! Entrez une valeur de 1 à 3
[ERROR] 2019-07-18 10:20:46.047 [main] CombinaisonJoueur - 
Error Message Logged !!! Entrez une valeur de 0 à 9
[INFO ] 2019-07-18 10:21:15.523 [main] Main - démarage de mastermind
[ERROR] 2019-07-18 10:21:15.537 [main] StartGame - 
Error Message Logged !!! Entrez une valeur de 1 à 3
[ERROR] 2019-07-18 10:21:22.886 [main] CombinaisonJoueur - 
Error Message Logged !!! Entrez une valeur de 0 à 9
[ERROR] 2019-07-18 10:21:29.724 [main] CombinaisonJoueur - 
Error Message Logged !!! Entrez une valeur de 0 à 9
[INFO ] 2019-07-18 10:22:49.108 [main] Main - démarage de mastermind
[ERROR] 2019-07-18 10:22:49.119 [main] StartGame - 
Error Message Logged !!! Entrez une valeur de 1 à 3
[ERROR] 2019-07-18 10:22:52.302 [main] CombinaisonJoueur - 
Error Message Logged !!! Entrez une valeur de 0 à 9
[ERROR] 2019-07-18 10:23:01.498 [main] CombinaisonJoueur - 
Error Message Logged !!! Entrez une valeur de 0 à 9
[ERROR] 2019-07-18 10:23:04.666 [main] CombinaisonJoueur - 
Error Message Logged !!! Entrez une valeur de 0 à 9
[ERROR] 2019-07-18 10:23:06.770 [main] CombinaisonJoueur - 
Error Message Logged !!! Entrez une valeur de 0 à 9
[ERROR] 2019-07-18 10:23:08.666 [main] CombinaisonJoueur - 
Error Message Logged !!! Entrez une valeur de 0 à 9
[ERROR] 2019-07-18 10:23:10.522 [main] CombinaisonJoueur - 
Error Message Logged !!! Entrez une valeur de 0 à 9
[ERROR] 2019-07-18 10:23:12.090 [main] CombinaisonJoueur - 
Error Message Logged !!! Entrez une valeur de 0 à 9
[INFO ] 2019-07-18 10:24:02.426 [main] Main - démarage de mastermind
[ERROR] 2019-07-18 10:24:02.435 [main] StartGame - 
Error Message Logged !!! Entrez une valeur de 1 à 3
[ERROR] 2019-07-18 10:24:04.900 [main] CombinaisonJoueur - 
Error Message Logged !!! Entrez une valeur de 0 à 9
[ERROR] 2019-07-18 10:24:09.793 [main] CombinaisonJoueur - 
Error Message Logged !!! Entrez une valeur de 0 à 9
[ERROR] 2019-07-18 10:24:11.617 [main] CombinaisonJoueur - 
Error Message Logged !!! Entrez une valeur de 0 à 9
[INFO ] 2019-07-18 10:28:57.631 [main] Main - démarage de mastermind
[ERROR] 2019-07-18 10:28:57.643 [main] StartGame - 
Error Message Logged !!! Entrez une valeur de 1 à 3
[ERROR] 2019-07-18 10:29:02.977 [main] CombinaisonJoueur - 
Error Message Logged !!! Entrez une valeur de 0 à 9
[ERROR] 2019-07-18 10:29:09.294 [main] CombinaisonJoueur - 
Error Message Logged !!! Entrez une valeur de 0 à 9
[ERROR] 2019-07-18 10:29:15.967 [main] CombinaisonJoueur - 
Error Message Logged !!! Entrez une valeur de 0 à 9
[ERROR] 2019-07-18 10:29:17.944 [main] StartGame - 
Error Message Logged !!! Entrez une valeur de 1 à 3
[INFO ] 2019-07-18 10:31:54.937 [main] Main - démarage de mastermind
[ERROR] 2019-07-18 10:31:54.948 [main] StartGame - 
Error Message Logged !!! Entrez une valeur de 1 à 3
[ERROR] 2019-07-18 10:31:58.015 [main] CombinaisonJoueur - 
Error Message Logged !!! Entrez une valeur de 0 à 9
[ERROR] 2019-07-18 10:32:00.101 [main] CombinaisonJoueur - 
Error Message Logged !!! Entrez une valeur de 0 à 9
[ERROR] 2019-07-18 10:32:01.484 [main] CombinaisonJoueur - 
Error Message Logged !!! Entrez une valeur de 0 à 9
[INFO ] 2019-07-18 10:35:35.195 [main] Main - démarage de mastermind
[ERROR] 2019-07-18 10:35:35.206 [main] StartGame - 
Error Message Logged !!! Entrez une valeur de 1 à 3
[ERROR] 2019-07-18 10:35:38.292 [main] CombinaisonJoueur - 
Error Message Logged !!! Entrez une valeur de 0 à 9
[ERROR] 2019-07-18 10:35:43.298 [main] CombinaisonJoueur - 
Error Message Logged !!! Entrez une valeur de 0 à 9
[ERROR] 2019-07-18 10:35:45.602 [main] CombinaisonJoueur - 
Error Message Logged !!! Entrez une valeur de 0 à 9
[INFO ] 2019-07-18 10:39:41.784 [main] Main - démarage de mastermind
[ERROR] 2019-07-18 10:39:41.795 [main] StartGame - 
Error Message Logged !!! Entrez une valeur de 1 à 3
[ERROR] 2019-07-18 10:39:44.987 [main] CombinaisonJoueur - 
Error Message Logged !!! Entrez une valeur de 0 à 9
[INFO ] 2019-07-18 10:40:18.183 [main] Main - démarage de mastermind
[ERROR] 2019-07-18 10:40:18.192 [main] StartGame - 
Error Message Logged !!! Entrez une valeur de 1 à 3
[ERROR] 2019-07-18 10:40:25.185 [main] CombinaisonJoueur - 
Error Message Logged !!! Entrez une valeur de 0 à 9
[ERROR] 2019-07-18 10:40:29.758 [main] CombinaisonJoueur - 
Error Message Logged !!! Entrez une valeur de 0 à 9
[ERROR] 2019-07-18 10:40:31.551 [main] CombinaisonJoueur - 
Error Message Logged !!! Entrez une valeur de 0 à 9
[ERROR] 2019-07-18 10:40:39.817 [main] StartGame - 
Error Message Logged !!! Entrez une valeur de 1 à 3
[ERROR] 2019-07-18 10:40:46.135 [main] CombinaisonJoueur - 
Error Message Logged !!! Entrez une valeur de 0 à 9
[ERROR] 2019-07-18 10:40:52.382 [main] CombinaisonJoueur - 
Error Message Logged !!! Entrez une valeur de 0 à 9
[ERROR] 2019-07-18 10:40:54.278 [main] CombinaisonJoueur - 
Error Message Logged !!! Entrez une valeur de 0 à 9
[INFO ] 2019-07-18 10:41:31.978 [main] Main - démarage de mastermind
[ERROR] 2019-07-18 10:41:31.988 [main] StartGame - 
Error Message Logged !!! Entrez une valeur de 1 à 3
[INFO ] 2019-07-18 10:42:12.021 [main] Main - démarage de mastermind
[ERROR] 2019-07-18 10:42:12.033 [main] StartGame - 
Error Message Logged !!! Entrez une valeur de 1 à 3
[ERROR] 2019-07-18 10:42:17.336 [main] CombinaisonJoueur - 
Error Message Logged !!! Entrez une valeur de 0 à 9
[INFO ] 2019-07-18 10:49:56.417 [main] Main - démarage de mastermind
[ERROR] 2019-07-18 10:49:56.427 [main] StartGame - 
Error Message Logged !!! Entrez une valeur de 1 à 3
[ERROR] 2019-07-18 10:50:00.763 [main] CombinaisonJoueur - 
Error Message Logged !!! Entrez une valeur de 0 à 9
[ERROR] 2019-07-18 10:50:07.296 [main] CombinaisonJoueur - 
Error Message Logged !!! Entrez une valeur de 0 à 9
[ERROR] 2019-07-18 10:50:15.280 [main] CombinaisonJoueur - 
Error Message Logged !!! Entrez une valeur de 0 à 9
[INFO ] 2019-07-18 10:50:34.249 [main] Main - démarage de mastermind
[ERROR] 2019-07-18 10:50:34.258 [main] StartGame - 
Error Message Logged !!! Entrez une valeur de 1 à 3
[INFO ] 2019-07-18 10:50:56.816 [main] Main - démarage de mastermind
[ERROR] 2019-07-18 10:50:56.836 [main] StartGame - 
Error Message Logged !!! Entrez une valeur de 1 à 3
[ERROR] 2019-07-18 10:51:00.995 [main] CombinaisonJoueur - 
Error Message Logged !!! Entrez une valeur de 0 à 9
[ERROR] 2019-07-18 10:51:04.776 [main] CombinaisonJoueur - 
Error Message Logged !!! Entrez une valeur de 0 à 9
[ERROR] 2019-07-18 10:51:13.624 [main] CombinaisonJoueur - 
Error Message Logged !!! Entrez une valeur de 0 à 9
[INFO ] 2019-07-18 10:53:04.473 [main] Main - démarage de mastermind
[ERROR] 2019-07-18 10:53:04.482 [main] StartGame - 
Error Message Logged !!! Entrez une valeur de 1 à 3
[ERROR] 2019-07-18 10:53:11.234 [main] CombinaisonJoueur - 
Error Message Logged !!! Entrez une valeur de 0 à 9
[ERROR] 2019-07-18 10:53:18.670 [main] CombinaisonJoueur - 
Error Message Logged !!! Entrez une valeur de 0 à 9
[ERROR] 2019-07-18 10:53:26.847 [main] CombinaisonJoueur - 
Error Message Logged !!! Entrez une valeur de 0 à 9
[INFO ] 2019-07-18 11:07:40.340 [main] Main - démarage de mastermind
[ERROR] 2019-07-18 11:07:40.355 [main] StartGame - 
Error Message Logged !!! Entrez une valeur de 1 à 3
[INFO ] 2019-07-18 11:08:25.383 [main] Main - démarage de mastermind
[ERROR] 2019-07-18 11:08:25.395 [main] StartGame - 
Error Message Logged !!! Entrez une valeur de 1 à 3
[INFO ] 2019-07-18 11:09:45.263 [main] Main - démarage de mastermind
[ERROR] 2019-07-18 11:09:45.273 [main] StartGame - 
Error Message Logged !!! Entrez une valeur de 1 à 3
[INFO ] 2019-07-18 11:14:03.816 [main] Main - démarage de mastermind
[ERROR] 2019-07-18 11:14:03.825 [main] StartGame - 
Error Message Logged !!! Entrez une valeur de 1 à 3
[INFO ] 2019-07-18 11:16:00.690 [main] Main - démarage de mastermind
[ERROR] 2019-07-18 11:16:00.704 [main] StartGame - 
Error Message Logged !!! Entrez une valeur de 1 à 3
[INFO ] 2019-07-18 11:16:33.391 [main] Main - démarage de mastermind
[ERROR] 2019-07-18 11:16:33.402 [main] StartGame - 
Error Message Logged !!! Entrez une valeur de 1 à 3
[INFO ] 2019-07-18 11:17:27.775 [main] Main - démarage de mastermind
[ERROR] 2019-07-18 11:17:27.787 [main] StartGame - 
Error Message Logged !!! Entrez une valeur de 1 à 3
[ERROR] 2019-07-18 11:17:32.433 [main] CombinaisonJoueur - 
Error Message Logged !!! Entrez une valeur de 0 à 9
[INFO ] 2019-07-18 11:17:37.777 [main] Main - démarage de mastermind
[ERROR] 2019-07-18 11:17:37.786 [main] StartGame - 
Error Message Logged !!! Entrez une valeur de 1 à 3
[ERROR] 2019-07-18 11:17:41.083 [main] CombinaisonJoueur - 
Error Message Logged !!! Entrez une valeur de 0 à 9
[INFO ] 2019-07-18 11:17:46.515 [main] Main - démarage de mastermind
[ERROR] 2019-07-18 11:17:46.526 [main] StartGame - 
Error Message Logged !!! Entrez une valeur de 1 à 3
[INFO ] 2019-07-18 11:18:04.753 [main] Main - démarage de mastermind
[ERROR] 2019-07-18 11:18:04.762 [main] StartGame - 
Error Message Logged !!! Entrez une valeur de 1 à 3
[INFO ] 2019-07-18 11:18:46.415 [main] Main - démarage de mastermind
[ERROR] 2019-07-18 11:18:46.425 [main] StartGame - 
Error Message Logged !!! Entrez une valeur de 1 à 3
[ERROR] 2019-07-18 11:18:54.264 [main] CombinaisonJoueur - 
Error Message Logged !!! Entrez une valeur de 0 à 9
[INFO ] 2019-07-18 11:18:58.836 [main] Main - démarage de mastermind
[ERROR] 2019-07-18 11:18:58.848 [main] StartGame - 
Error Message Logged !!! Entrez une valeur de 1 à 3
[INFO ] 2019-07-18 11:19:25.397 [main] Main - démarage de mastermind
[ERROR] 2019-07-18 11:19:25.408 [main] StartGame - 
Error Message Logged !!! Entrez une valeur de 1 à 3
[INFO ] 2019-07-18 11:19:35.303 [main] Main - démarage de mastermind
[ERROR] 2019-07-18 11:19:35.314 [main] StartGame - 
Error Message Logged !!! Entrez une valeur de 1 à 3
[ERROR] 2019-07-18 11:19:41.231 [main] CombinaisonJoueur - 
Error Message Logged !!! Entrez une valeur de 0 à 9
[INFO ] 2019-07-18 11:19:46.294 [main] Main - démarage de mastermind
[ERROR] 2019-07-18 11:19:46.303 [main] StartGame - 
Error Message Logged !!! Entrez une valeur de 1 à 3
[INFO ] 2019-07-18 11:19:58.927 [main] Main - démarage de mastermind
[ERROR] 2019-07-18 11:19:58.936 [main] StartGame - 
Error Message Logged !!! Entrez une valeur de 1 à 3
[INFO ] 2019-07-18 11:22:04.938 [main] Main - démarage de mastermind
[ERROR] 2019-07-18 11:22:04.947 [main] StartGame - 
Error Message Logged !!! Entrez une valeur de 1 à 3
[ERROR] 2019-07-18 11:22:20.701 [main] StartGame - 
Error Message Logged !!! Entrez une valeur de 1 à 3
[ERROR] 2019-07-18 11:22:42.708 [main] StartGame - 
Error Message Logged !!! Entrez une valeur de 1 à 3
[ERROR] 2019-07-18 11:22:59.932 [main] StartGame - 
Error Message Logged !!! Entrez une valeur de 1 à 3
[INFO ] 2019-07-18 11:24:29.592 [main] Main - démarage de mastermind
[ERROR] 2019-07-18 11:24:29.601 [main] StartGame - 
Error Message Logged !!! Entrez une valeur de 1 à 3
[INFO ] 2019-07-18 11:25:20.531 [main] Main - démarage de mastermind
[ERROR] 2019-07-18 11:25:20.542 [main] StartGame - 
Error Message Logged !!! Entrez une valeur de 1 à 3
[INFO ] 2019-07-18 11:25:58.133 [main] Main - démarage de mastermind
[ERROR] 2019-07-18 11:25:58.142 [main] StartGame - 
Error Message Logged !!! Entrez une valeur de 1 à 3
[INFO ] 2019-07-18 11:26:07.530 [main] Main - démarage de mastermind
[ERROR] 2019-07-18 11:26:07.542 [main] StartGame - 
Error Message Logged !!! Entrez une valeur de 1 à 3
[INFO ] 2019-07-18 11:26:14.557 [main] Main - démarage de mastermind
[ERROR] 2019-07-18 11:26:14.566 [main] StartGame - 
Error Message Logged !!! Entrez une valeur de 1 à 3
[ERROR] 2019-07-18 11:26:17.218 [main] CombinaisonJoueur - 
Error Message Logged !!! Entrez une valeur de 0 à 9
[INFO ] 2019-07-18 11:26:24.026 [main] Main - démarage de mastermind
[ERROR] 2019-07-18 11:26:24.035 [main] StartGame - 
Error Message Logged !!! Entrez une valeur de 1 à 3
[ERROR] 2019-07-18 11:26:26.589 [main] CombinaisonJoueur - 
Error Message Logged !!! Entrez une valeur de 0 à 9
[INFO ] 2019-07-18 11:26:31.859 [main] Main - démarage de mastermind
[ERROR] 2019-07-18 11:26:31.870 [main] StartGame - 
Error Message Logged !!! Entrez une valeur de 1 à 3
[INFO ] 2019-07-18 11:26:44.890 [main] Main - démarage de mastermind
[ERROR] 2019-07-18 11:26:44.899 [main] StartGame - 
Error Message Logged !!! Entrez une valeur de 1 à 3
[INFO ] 2019-07-18 11:27:11.282 [main] Main - démarage de mastermind
[ERROR] 2019-07-18 11:27:11.291 [main] StartGame - 
Error Message Logged !!! Entrez une valeur de 1 à 3
[INFO ] 2019-07-18 11:27:21.433 [main] Main - démarage de mastermind
[ERROR] 2019-07-18 11:27:21.445 [main] StartGame - 
Error Message Logged !!! Entrez une valeur de 1 à 3
[ERROR] 2019-07-18 11:28:03.225 [main] StartGame - 
Error Message Logged !!! Entrez une valeur de 1 à 3
[INFO ] 2019-07-18 14:48:10.435 [main] Main - démarage de mastermind
[ERROR] 2019-07-18 14:48:10.447 [main] StartGame - 
Error Message Logged !!! Entrez une valeur de 1 à 3
[ERROR] 2019-07-18 14:48:15.325 [main] CombinaisonJoueur - 
Error Message Logged !!! Entrez une valeur de 0 à 9
[INFO ] 2019-07-18 17:30:51.965 [main] Main - démarage de mastermind
[ERROR] 2019-07-18 17:30:51.974 [main] StartGame - 
Error Message Logged !!! Entrez une valeur de 1 à 3
[ERROR] 2019-07-18 17:30:59.714 [main] CombinaisonJoueur - 
Error Message Logged !!! Entrez une valeur de 0 à 9
[INFO ] 2019-07-18 17:32:33.158 [main] Main - démarage de mastermind
[ERROR] 2019-07-18 17:32:33.167 [main] StartGame - 
Error Message Logged !!! Entrez une valeur de 1 à 3
[ERROR] 2019-07-18 17:32:39.424 [main] CombinaisonJoueur - 
Error Message Logged !!! Entrez une valeur de 0 à 9
[INFO ] 2019-07-18 17:33:37.365 [main] Main - démarage de mastermind
[ERROR] 2019-07-18 17:33:37.373 [main] StartGame - 
Error Message Logged !!! Entrez une valeur de 1 à 3
[ERROR] 2019-07-18 17:33:42.047 [main] CombinaisonJoueur - 
Error Message Logged !!! Entrez une valeur de 0 à 9
[INFO ] 2019-07-18 17:35:12.519 [main] Main - démarage de mastermind
[ERROR] 2019-07-18 17:35:12.528 [main] StartGame - 
Error Message Logged !!! Entrez une valeur de 1 à 3
[ERROR] 2019-07-18 17:35:17.310 [main] CombinaisonJoueur - 
Error Message Logged !!! Entrez une valeur de 0 à 9
[INFO ] 2019-07-18 17:39:09.026 [main] Main - démarage de mastermind
[ERROR] 2019-07-18 17:39:09.035 [main] StartGame - 
Error Message Logged !!! Entrez une valeur de 1 à 3
[ERROR] 2019-07-18 17:39:12.867 [main] CombinaisonJoueur - 
Error Message Logged !!! Entrez une valeur de 0 à 9
[INFO ] 2019-07-18 17:40:51.944 [main] Main - démarage de mastermind
[ERROR] 2019-07-18 17:40:51.953 [main] StartGame - 
Error Message Logged !!! Entrez une valeur de 1 à 3
[ERROR] 2019-07-18 17:41:17.864 [main] StartGame - 
Error Message Logged !!! Entrez une valeur de 1 à 3
[ERROR] 2019-07-18 17:41:21.018 [main] CombinaisonJoueur - 
Error Message Logged !!! Entrez une valeur de 0 à 9
[ERROR] 2019-07-18 17:41:48.167 [main] CombinaisonJoueur - 
Error Message Logged !!! Entrez une valeur de 0 à 9
