[INFO ] 2019-07-04 22:58:00.985 [main] DriverTest - démarage de mastermind
[INFO ] 2019-07-04 22:58:01.049 [main] StartGame - .................Choice Game :.................
 1 - Game_Mode_Challenger
 2 - Game_Mode_Defenseur
 3 - Game_Mode_Duel 
[INFO ] 2019-07-04 23:06:30.237 [main] DriverTest - démarage de mastermind
[INFO ] 2019-07-04 23:06:30.246 [main] StartGame - \n.................Choice Game :.................
 1 - Game_Mode_Challenger
 2 - Game_Mode_Defenseur
 3 - Game_Mode_Duel 
[INFO ] 2019-07-04 23:07:31.211 [main] DriverTest - démarage de mastermind
[INFO ] 2019-07-04 23:07:31.218 [main] StartGame - 
.................Choice Game :.................
 1 - Game_Mode_Challenger
 2 - Game_Mode_Defenseur
 3 - Game_Mode_Duel 
[INFO ] 2019-07-04 23:14:16.314 [main] DriverTest - démarage de mastermind
[INFO ] 2019-07-04 23:14:16.342 [main] StartGame - 
.................Choice Game :.................
 1 - Game_Mode_Challenger
 2 - Game_Mode_Defenseur
 3 - Game_Mode_Duel 
[INFO ] 2019-07-04 23:19:23.530 [main] DriverTest - démarage de mastermind
[INFO ] 2019-07-04 23:19:23.536 [main] StartGame - 
.................Choice Game :.................
 1 - Game_Mode_Challenger
 2 - Game_Mode_Defenseur
 3 - Game_Mode_Duel 
[INFO ] 2019-07-04 23:20:04.221 [main] StartGame - 
.................Choice Game :.................
 1 - Game_Mode_Challenger
 2 - Game_Mode_Defenseur
 3 - Game_Mode_Duel 
[INFO ] 2019-07-04 23:20:34.774 [main] StartGame - 
.................Choice Game :.................
 1 - Game_Mode_Challenger
 2 - Game_Mode_Defenseur
 3 - Game_Mode_Duel 
[INFO ] 2019-07-04 23:22:59.371 [main] DriverTest - démarage de mastermind
[INFO ] 2019-07-04 23:22:59.378 [main] StartGame - 
.................Choice Game :.................
 1 - Game_Mode_Challenger
 2 - Game_Mode_Defenseur
 3 - Game_Mode_Duel 
