[INFO ] 2019-07-08 09:20:33.367 [main] Main - démarage de mastermind
[INFO ] 2019-07-08 09:20:33.386 [main] StartGame - 
.................Choice Game :.................
 1 - Game_Mode_Challenger
 2 - Game_Mode_Defenseur
 3 - Game_Mode_Duel 
[ERROR] 2019-07-08 09:20:33.386 [main] StartGame - Error Message Logged !!! Entrez une valeur de 1 à 3
[INFO ] 2019-07-08 09:20:42.748 [main] StartGame - 
Voulez-vous recommencer (oui = Touche CLAVIER / non = 0)  : 
[INFO ] 2019-07-08 16:39:29.090 [main] Main - démarage de mastermind
[INFO ] 2019-07-08 16:39:29.168 [main] StartGame - 
.................Choice Game :.................
 1 - Game_Mode_Challenger
 2 - Game_Mode_Defenseur
 3 - Game_Mode_Duel 
[ERROR] 2019-07-08 16:39:29.169 [main] StartGame - Error Message Logged !!! Entrez une valeur de 1 à 3
[INFO ] 2019-07-08 16:39:45.282 [main] StartGame - 
 1 - Game_Mode_Challenger...........START
[INFO ] 2019-07-08 16:39:54.521 [main] GameModeChallenger - 
####....Fin des Essais........Votre score  0/1  #######
[INFO ] 2019-07-08 16:39:54.522 [main] StartGame - 
Voulez-vous recommencer (oui = Touche CLAVIER / non = 0)  : 
[INFO ] 2019-07-08 16:43:14.619 [main] Main - démarage de mastermind
[INFO ] 2019-07-08 16:43:14.629 [main] StartGame - 
.................Choice Game :.................
 1 - Game_Mode_Challenger
 2 - Game_Mode_Defenseur
 3 - Game_Mode_Duel 
[ERROR] 2019-07-08 16:43:14.629 [main] StartGame - Error Message Logged !!! Entrez une valeur de 1 à 3
[INFO ] 2019-07-08 16:43:29.991 [main] StartGame - 
 2 - Game_Mode_Defenseur............START
[INFO ] 2019-07-08 16:44:17.434 [main] Main - démarage de mastermind
[INFO ] 2019-07-08 16:44:17.448 [main] StartGame - 
.................Choice Game :.................
 1 - Game_Mode_Challenger
 2 - Game_Mode_Defenseur
 3 - Game_Mode_Duel 
[ERROR] 2019-07-08 16:44:17.448 [main] StartGame - Error Message Logged !!! Entrez une valeur de 1 à 3
[INFO ] 2019-07-08 16:44:25.223 [main] StartGame - 
 2 - Game_Mode_Defenseur............START
[INFO ] 2019-07-08 16:45:14.324 [main] Main - démarage de mastermind
[INFO ] 2019-07-08 16:45:14.333 [main] StartGame - 
.................Choice Game :.................
 1 - Game_Mode_Challenger
 2 - Game_Mode_Defenseur
 3 - Game_Mode_Duel 
[ERROR] 2019-07-08 16:45:14.333 [main] StartGame - Error Message Logged !!! Entrez une valeur de 1 à 3
[INFO ] 2019-07-08 16:46:19.788 [main] Main - démarage de mastermind
[ERROR] 2019-07-08 16:46:19.804 [main] StartGame - Error Message Logged !!! Entrez une valeur de 1 à 3
[INFO ] 2019-07-08 16:47:38.151 [main] Main - démarage de mastermind
[ERROR] 2019-07-08 16:47:38.167 [main] StartGame - Error Message Logged !!! Entrez une valeur de 1 à 3
[INFO ] 2019-07-08 16:48:25.448 [main] Main - démarage de mastermind
[ERROR] 2019-07-08 16:48:25.457 [main] StartGame - 
Error Message Logged !!! Entrez une valeur de 1 à 3
[INFO ] 2019-07-08 16:50:11.271 [main] Main - démarage de mastermind
[ERROR] 2019-07-08 16:50:11.280 [main] StartGame - 
Error Message Logged !!! Entrez une valeur de 1 à 3
[INFO ] 2019-07-08 16:50:48.260 [main] StartGame - 
 2 - Game_Mode_Defenseur............START
[INFO ] 2019-07-08 16:52:17.904 [main] Main - démarage de mastermind
[ERROR] 2019-07-08 16:52:17.914 [main] StartGame - 
Error Message Logged !!! Entrez une valeur de 1 à 3
[INFO ] 2019-07-08 16:53:52.304 [main] Main - démarage de mastermind
[ERROR] 2019-07-08 16:53:52.318 [main] StartGame - 
Error Message Logged !!! Entrez une valeur de 1 à 3
[INFO ] 2019-07-08 16:53:58.370 [main] StartGame - 
 2 - Game_Mode_Defenseur............START
[INFO ] 2019-07-08 16:55:08.075 [main] Main - démarage de mastermind
[ERROR] 2019-07-08 16:55:08.084 [main] StartGame - 
Error Message Logged !!! Entrez une valeur de 1 à 3
[INFO ] 2019-07-08 16:55:11.937 [main] StartGame - 
 2 - Game_Mode_Defenseur............START
[INFO ] 2019-07-08 16:55:58.210 [main] Main - démarage de mastermind
[ERROR] 2019-07-08 16:55:58.219 [main] StartGame - 
Error Message Logged !!! Entrez une valeur de 1 à 3
[INFO ] 2019-07-08 16:57:40.327 [main] Main - démarage de mastermind
[ERROR] 2019-07-08 16:57:40.339 [main] StartGame - 
Error Message Logged !!! Entrez une valeur de 1 à 3
[INFO ] 2019-07-08 17:02:38.060 [main] Main - démarage de mastermind
[ERROR] 2019-07-08 17:02:38.072 [main] StartGame - 
Error Message Logged !!! Entrez une valeur de 1 à 3
[ERROR] 2019-07-08 17:02:43.879 [main] CombinaisonJoueur - 
Error Message Logged !!! Entrez une valeur de 1 à 3
[INFO ] 2019-07-08 17:03:35.292 [main] Main - démarage de mastermind
[ERROR] 2019-07-08 17:03:35.302 [main] StartGame - 
Error Message Logged !!! Entrez une valeur de 1 à 3
[ERROR] 2019-07-08 17:03:39.318 [main] CombinaisonJoueur - 
Error Message Logged !!! Entrez une valeur de 0 à 9
[INFO ] 2019-07-08 17:34:38.433 [main] Main - démarage de mastermind
[ERROR] 2019-07-08 17:34:38.442 [main] StartGame - 
Error Message Logged !!! Entrez une valeur de 1 à 3
[INFO ] 2019-07-08 17:36:18.530 [main] Main - démarage de mastermind
[ERROR] 2019-07-08 17:36:18.539 [main] StartGame - 
Error Message Logged !!! Entrez une valeur de 1 à 3
[INFO ] 2019-07-08 17:37:28.391 [main] Main - démarage de mastermind
[INFO ] 2019-07-08 17:37:47.586 [main] Main - démarage de mastermind
[INFO ] 2019-07-08 17:38:00.496 [main] Main - démarage de mastermind
[ERROR] 2019-07-08 17:38:00.507 [main] StartGame - 
Error Message Logged !!! Entrez une valeur de 1 à 3
[INFO ] 2019-07-08 17:50:59.008 [main] Main - démarage de mastermind
[ERROR] 2019-07-08 17:50:59.016 [main] StartGame - 
Error Message Logged !!! Entrez une valeur de 1 à 3
[INFO ] 2019-07-08 17:55:34.097 [main] Main - démarage de mastermind
[ERROR] 2019-07-08 17:55:34.108 [main] StartGame - 
Error Message Logged !!! Entrez une valeur de 1 à 3
[ERROR] 2019-07-08 17:55:39.146 [main] Combinaison - 
Error Message Logged !!! Entrez une valeur de 0 à 9*
[INFO ] 2019-07-08 17:57:04.925 [main] Main - démarage de mastermind
[ERROR] 2019-07-08 17:57:04.935 [main] StartGame - 
Error Message Logged !!! Entrez une valeur de 1 à 3
[INFO ] 2019-07-08 17:58:41.349 [main] Main - démarage de mastermind
[ERROR] 2019-07-08 17:58:41.362 [main] StartGame - 
Error Message Logged !!! Entrez une valeur de 1 à 3
[ERROR] 2019-07-08 17:58:44.707 [main] CombinaisonJoueur - 
Error Message Logged !!! Entrez une valeur de 0 à 9
[INFO ] 2019-07-08 20:39:29.968 [main] Main - démarage de mastermind
[ERROR] 2019-07-08 20:39:30.046 [main] StartGame - 
Error Message Logged !!! Entrez une valeur de 1 à 3
[INFO ] 2019-07-08 20:57:15.054 [main] Main - démarage de mastermind
[ERROR] 2019-07-08 20:57:15.063 [main] StartGame - 
Error Message Logged !!! Entrez une valeur de 1 à 3
[INFO ] 2019-07-08 20:58:23.413 [main] Main - démarage de mastermind
[ERROR] 2019-07-08 20:58:23.423 [main] StartGame - 
Error Message Logged !!! Entrez une valeur de 1 à 3
[INFO ] 2019-07-08 20:58:48.554 [main] Main - démarage de mastermind
[ERROR] 2019-07-08 20:58:48.567 [main] StartGame - 
Error Message Logged !!! Entrez une valeur de 1 à 3
[INFO ] 2019-07-08 22:02:39.388 [main] Main - démarage de mastermind
[ERROR] 2019-07-08 22:02:39.398 [main] StartGame - 
Error Message Logged !!! Entrez une valeur de 1 à 3
