[INFO ] 2019-07-17 00:53:29.968 [main] Main - démarage de mastermind
[ERROR] 2019-07-17 00:53:29.991 [main] StartGame - 
Error Message Logged !!! Entrez une valeur de 1 à 3
[ERROR] 2019-07-17 00:53:34.440 [main] CombinaisonJoueur - 
Error Message Logged !!! Entrez une valeur de 0 à 9
[ERROR] 2019-07-17 00:53:39.284 [main] CombinaisonJoueur - 
Error Message Logged !!! Entrez une valeur de 0 à 9
[ERROR] 2019-07-17 00:53:48.702 [main] StartGame - 
Error Message Logged !!! Entrez une valeur de 1 à 3
[INFO ] 2019-07-17 00:54:34.617 [main] Main - démarage de mastermind
[ERROR] 2019-07-17 00:54:34.628 [main] StartGame - 
Error Message Logged !!! Entrez une valeur de 1 à 3
[INFO ] 2019-07-17 22:56:27.351 [main] DriverTest - démarage de mastermind
[ERROR] 2019-07-17 22:56:27.355 [main] CombinaisonJoueur - 
Error Message Logged !!! Entrez une valeur de 0 à 9
[INFO ] 2019-07-17 22:58:03.368 [main] DriverTest - démarage de mastermind
[ERROR] 2019-07-17 22:58:03.372 [main] CombinaisonJoueur - 
Error Message Logged !!! Entrez une valeur de 0 à 9
[INFO ] 2019-07-17 22:58:52.691 [main] DriverTest - démarage de mastermind
[ERROR] 2019-07-17 22:58:58.997 [main] CombinaisonJoueur - 
Error Message Logged !!! Entrez une valeur de 0 à 9
[INFO ] 2019-07-17 22:59:40.301 [main] DriverTest - démarage de mastermind
[ERROR] 2019-07-17 22:59:46.405 [main] CombinaisonJoueur - 
Error Message Logged !!! Entrez une valeur de 0 à 9
[INFO ] 2019-07-17 22:59:59.818 [main] DriverTest - démarage de mastermind
[ERROR] 2019-07-17 23:00:05.796 [main] CombinaisonJoueur - 
Error Message Logged !!! Entrez une valeur de 0 à 9
[INFO ] 2019-07-17 23:04:43.971 [main] DriverTest - démarage de mastermind
[ERROR] 2019-07-17 23:04:55.344 [main] CombinaisonJoueur - 
Error Message Logged !!! Entrez une valeur de 0 à 9
[INFO ] 2019-07-17 23:05:28.513 [main] DriverTest - démarage de mastermind
[ERROR] 2019-07-17 23:05:32.953 [main] CombinaisonJoueur - 
Error Message Logged !!! Entrez une valeur de 0 à 9
[INFO ] 2019-07-17 23:06:41.980 [main] DriverTest - démarage de mastermind
[ERROR] 2019-07-17 23:06:46.591 [main] CombinaisonJoueur - 
Error Message Logged !!! Entrez une valeur de 0 à 9
[INFO ] 2019-07-17 23:07:04.008 [main] DriverTest - démarage de mastermind
[ERROR] 2019-07-17 23:07:07.920 [main] CombinaisonJoueur - 
Error Message Logged !!! Entrez une valeur de 0 à 9
[INFO ] 2019-07-17 23:07:55.356 [main] DriverTest - démarage de mastermind
[ERROR] 2019-07-17 23:07:58.511 [main] CombinaisonJoueur - 
Error Message Logged !!! Entrez une valeur de 0 à 9
[INFO ] 2019-07-17 23:08:22.992 [main] DriverTest - démarage de mastermind
[ERROR] 2019-07-17 23:08:27.079 [main] CombinaisonJoueur - 
Error Message Logged !!! Entrez une valeur de 0 à 9
[INFO ] 2019-07-17 23:09:03.415 [main] DriverTest - démarage de mastermind
[ERROR] 2019-07-17 23:09:10.262 [main] CombinaisonJoueur - 
Error Message Logged !!! Entrez une valeur de 0 à 9
[INFO ] 2019-07-17 23:10:11.018 [main] Main - démarage de mastermind
[ERROR] 2019-07-17 23:10:11.030 [main] StartGame - 
Error Message Logged !!! Entrez une valeur de 1 à 3
[ERROR] 2019-07-17 23:10:21.639 [main] CombinaisonJoueur - 
Error Message Logged !!! Entrez une valeur de 0 à 9
[INFO ] 2019-07-17 23:10:49.433 [main] Main - démarage de mastermind
[ERROR] 2019-07-17 23:10:49.443 [main] StartGame - 
Error Message Logged !!! Entrez une valeur de 1 à 3
[ERROR] 2019-07-17 23:10:53.894 [main] CombinaisonJoueur - 
Error Message Logged !!! Entrez une valeur de 0 à 9
