[INFO ] 2019-07-14 14:09:17.806 [main] Main - démarage de mastermind
[ERROR] 2019-07-14 14:09:17.835 [main] StartGame - 
Error Message Logged !!! Entrez une valeur de 1 à 3
[ERROR] 2019-07-14 14:09:24.407 [main] CombinaisonJoueur - 
Error Message Logged !!! Entrez une valeur de 0 à 9
[ERROR] 2019-07-14 14:10:13.974 [main] CombinaisonJoueur - 
Error Message Logged !!! Entrez une valeur de 0 à 9
[ERROR] 2019-07-14 14:10:57.625 [main] StartGame - 
Error Message Logged !!! Entrez une valeur de 1 à 3
[ERROR] 2019-07-14 14:11:00.464 [main] CombinaisonJoueur - 
Error Message Logged !!! Entrez une valeur de 0 à 9
[INFO ] 2019-07-14 21:37:28.295 [main] Main - démarage de mastermind
[ERROR] 2019-07-14 21:37:28.317 [main] StartGame - 
Error Message Logged !!! Entrez une valeur de 1 à 3
[ERROR] 2019-07-14 21:37:40.312 [main] CombinaisonJoueur - 
Error Message Logged !!! Entrez une valeur de 0 à 9
[INFO ] 2019-07-14 21:39:14.674 [main] Main - démarage de mastermind
[ERROR] 2019-07-14 21:40:04.796 [main] StartGame - 
Error Message Logged !!! Entrez une valeur de 1 à 3
[INFO ] 2019-07-14 21:41:37.376 [main] DriverTest - démarage de mastermind
[ERROR] 2019-07-14 21:41:37.382 [main] CombinaisonJoueur - 
Error Message Logged !!! Entrez une valeur de 0 à 9
[INFO ] 2019-07-14 21:42:14.289 [main] DriverTest - démarage de mastermind
[ERROR] 2019-07-14 21:42:14.296 [main] CombinaisonJoueur - 
Error Message Logged !!! Entrez une valeur de 0 à 9
[INFO ] 2019-07-14 22:43:58.834 [main] DriverTest - démarage de mastermind
[ERROR] 2019-07-14 22:43:58.842 [main] CombinaisonJoueur - 
Error Message Logged !!! Entrez une valeur de 0 à 9
[INFO ] 2019-07-14 22:48:47.570 [main] DriverTest - démarage de mastermind
[ERROR] 2019-07-14 22:48:47.580 [main] CombinaisonJoueur - 
Error Message Logged !!! Entrez une valeur de 0 à 9
[INFO ] 2019-07-14 22:51:12.261 [main] DriverTest - démarage de mastermind
[ERROR] 2019-07-14 22:51:12.268 [main] CombinaisonJoueur - 
Error Message Logged !!! Entrez une valeur de 0 à 9
[INFO ] 2019-07-14 22:51:38.817 [main] DriverTest - démarage de mastermind
[ERROR] 2019-07-14 22:51:38.824 [main] CombinaisonJoueur - 
Error Message Logged !!! Entrez une valeur de 0 à 9
[INFO ] 2019-07-14 22:52:10.449 [main] DriverTest - démarage de mastermind
[ERROR] 2019-07-14 22:52:10.457 [main] CombinaisonJoueur - 
Error Message Logged !!! Entrez une valeur de 0 à 9
[INFO ] 2019-07-14 23:04:48.365 [main] DriverTest - démarage de mastermind
[ERROR] 2019-07-14 23:04:48.373 [main] CombinaisonJoueur - 
Error Message Logged !!! Entrez une valeur de 0 à 9
[INFO ] 2019-07-14 23:07:46.202 [main] DriverTest - démarage de mastermind
[ERROR] 2019-07-14 23:07:46.208 [main] CombinaisonJoueur - 
Error Message Logged !!! Entrez une valeur de 0 à 9
[INFO ] 2019-07-14 23:37:04.372 [main] DriverTest - démarage de mastermind
[ERROR] 2019-07-14 23:37:04.379 [main] CombinaisonJoueur - 
Error Message Logged !!! Entrez une valeur de 0 à 9
[INFO ] 2019-07-14 23:54:54.452 [main] DriverTest - démarage de mastermind
[ERROR] 2019-07-14 23:54:54.459 [main] CombinaisonJoueur - 
Error Message Logged !!! Entrez une valeur de 0 à 9
[INFO ] 2019-07-14 23:59:47.686 [main] DriverTest - démarage de mastermind
[ERROR] 2019-07-14 23:59:47.695 [main] CombinaisonJoueur - 
Error Message Logged !!! Entrez une valeur de 0 à 9
